****                   ADMIXTURE Version 1.3.0                  ****
****                    Copyright 2008-2015                     ****
****           David Alexander, Suyash Shringarpure,            ****
****                John  Novembre, Ken Lange                   ****
****                                                            ****
****                 Please cite our paper!                     ****
****   Information at www.genetics.ucla.edu/software/admixture  ****

Random seed: 1731308142
Point estimation method: Block relaxation algorithm
Convergence acceleration algorithm: QuasiNewton, 2 secant conditions
Point estimation will terminate when objective function delta < 0.0001
Estimation of standard errors disabled; will compute point estimates only.
Supervised analysis mode.  Examining .pop file...
Size of G: 7000x8000
Performing five EM steps to prime main algorithm
1 (EM) 	Elapsed: 1.27	Loglikelihood: -5.20101e+07	(delta): 5.59676e+07
2 (EM) 	Elapsed: 1.257	Loglikelihood: -5.18631e+07	(delta): 146956
3 (EM) 	Elapsed: 1.253	Loglikelihood: -5.18579e+07	(delta): 5189.82
4 (EM) 	Elapsed: 1.259	Loglikelihood: -5.18555e+07	(delta): 2432.85
5 (EM) 	Elapsed: 1.255	Loglikelihood: -5.18532e+07	(delta): 2282.76
Initial loglikelihood: -5.18532e+07
Starting main algorithm
1 (QN/Block) 	Elapsed: 2.327	Loglikelihood: -5.17603e+07	(delta): 92943.4
2 (QN/Block) 	Elapsed: 3.031	Loglikelihood: -5.17577e+07	(delta): 2611.83
3 (QN/Block) 	Elapsed: 3.062	Loglikelihood: -5.17577e+07	(delta): 3.12274
4 (QN/Block) 	Elapsed: 3.033	Loglikelihood: -5.17577e+07	(delta): 0.00266135
5 (QN/Block) 	Elapsed: 4.121	Loglikelihood: -5.17577e+07	(delta): 6.48201e-07
Summary: 
Converged in 5 iterations (26.573 sec)
Loglikelihood: -51757670.241365
Fst divergences between estimated populations: 
	Pop0	Pop1	
Pop0	
Pop1	0.066	
Pop2	0.030	0.051	
Writing output files.
