****                   ADMIXTURE Version 1.3.0                  ****
****                    Copyright 2008-2015                     ****
****           David Alexander, Suyash Shringarpure,            ****
****                John  Novembre, Ken Lange                   ****
****                                                            ****
****                 Please cite our paper!                     ****
****   Information at www.genetics.ucla.edu/software/admixture  ****

Random seed: 1731308126
Point estimation method: Block relaxation algorithm
Convergence acceleration algorithm: QuasiNewton, 2 secant conditions
Point estimation will terminate when objective function delta < 0.0001
Estimation of standard errors disabled; will compute point estimates only.
Supervised analysis mode.  Examining .pop file...
Size of G: 5000x8000
Performing five EM steps to prime main algorithm
1 (EM) 	Elapsed: 0.648	Loglikelihood: -3.72444e+07	(delta): 4.03346e+07
2 (EM) 	Elapsed: 0.654	Loglikelihood: -3.70998e+07	(delta): 144539
3 (EM) 	Elapsed: 0.647	Loglikelihood: -3.70919e+07	(delta): 7994.85
4 (EM) 	Elapsed: 0.647	Loglikelihood: -3.70879e+07	(delta): 3921.86
5 (EM) 	Elapsed: 0.646	Loglikelihood: -3.70842e+07	(delta): 3705.91
Initial loglikelihood: -3.70842e+07
Starting main algorithm
1 (QN/Block) 	Elapsed: 1.26	Loglikelihood: -3.69685e+07	(delta): 115704
2 (QN/Block) 	Elapsed: 1.737	Loglikelihood: -3.69651e+07	(delta): 3439.14
3 (QN/Block) 	Elapsed: 1.737	Loglikelihood: -3.69651e+07	(delta): 20.3835
4 (QN/Block) 	Elapsed: 1.732	Loglikelihood: -3.69651e+07	(delta): 0.0329829
5 (QN/Block) 	Elapsed: 1.973	Loglikelihood: -3.69651e+07	(delta): 1.05351e-05
Summary: 
Converged in 5 iterations (14.831 sec)
Loglikelihood: -36965060.285383
Fst divergences between estimated populations: 
	Pop0	
Pop0	
Pop1	0.066	
Writing output files.
