****                   ADMIXTURE Version 1.3.0                  ****
****                    Copyright 2008-2015                     ****
****           David Alexander, Suyash Shringarpure,            ****
****                John  Novembre, Ken Lange                   ****
****                                                            ****
****                 Please cite our paper!                     ****
****   Information at www.genetics.ucla.edu/software/admixture  ****

Random seed: 1731308170
Point estimation method: Block relaxation algorithm
Convergence acceleration algorithm: QuasiNewton, 2 secant conditions
Point estimation will terminate when objective function delta < 0.0001
Estimation of standard errors disabled; will compute point estimates only.
Supervised analysis mode.  Examining .pop file...
Size of G: 9000x8000
Performing five EM steps to prime main algorithm
1 (EM) 	Elapsed: 2.157	Loglikelihood: -6.6427e+07	(delta): 7.4703e+07
2 (EM) 	Elapsed: 2.179	Loglikelihood: -6.62549e+07	(delta): 172065
3 (EM) 	Elapsed: 2.154	Loglikelihood: -6.62464e+07	(delta): 8511.91
4 (EM) 	Elapsed: 2.151	Loglikelihood: -6.6241e+07	(delta): 5410.46
5 (EM) 	Elapsed: 2.151	Loglikelihood: -6.62359e+07	(delta): 5065.68
Initial loglikelihood: -6.62359e+07
Starting main algorithm
1 (QN/Block) 	Elapsed: 4.12	Loglikelihood: -6.60954e+07	(delta): 140546
2 (QN/Block) 	Elapsed: 5.136	Loglikelihood: -6.60923e+07	(delta): 3037.87
3 (QN/Block) 	Elapsed: 5.122	Loglikelihood: -6.60923e+07	(delta): 3.29865
4 (QN/Block) 	Elapsed: 5.149	Loglikelihood: -6.60923e+07	(delta): 0.00262187
5 (QN/Block) 	Elapsed: 5.107	Loglikelihood: -6.60923e+07	(delta): -4.39584e-07
6 (QN/Block) 	Elapsed: 6.627	Loglikelihood: -6.60923e+07	(delta): 2.31713e-06
Summary: 
Converged in 6 iterations (49.091 sec)
Loglikelihood: -66092331.967708
Fst divergences between estimated populations: 
	Pop0	Pop1	Pop2	
Pop0	
Pop1	0.066	
Pop2	0.030	0.051	
Pop3	0.078	0.095	0.080	
Writing output files.
